{"/Users/eunice/Projects/kinkin2/src/babel.config.js": {"path":"/Users/eunice/Projects/kinkin2/src/babel.config.js","statementMap":{"0":{"start":{"line":2,"column":0},"end":{"line":7,"column":3}}},"fnMap":{},"branchMap":{},"s":{"0":0},"f":{},"b":{}}
,"/Users/eunice/Projects/kinkin2/src/components/Chat.jsx": {"path":"/Users/eunice/Projects/kinkin2/src/components/Chat.jsx","statementMap":{"0":{"start":{"line":11,"column":16},"end":{"line":27,"column":1}},"1":{"start":{"line":12,"column":2},"end":{"line":26,"column":4}}},"fnMap":{"0":{"name":"(anonymous_0)","decl":{"start":{"line":11,"column":16},"end":{"line":11,"column":17}},"loc":{"start":{"line":11,"column":27},"end":{"line":27,"column":1}},"line":11}},"branchMap":{},"s":{"0":1,"1":3},"f":{"0":3},"b":{},"_coverageSchema":"1a1c01bbd47fc00a2c39e90264f33305004495a9","hash":"c31968dcf9300881b4140e6e17fad2a755366861"}
,"/Users/eunice/Projects/kinkin2/src/components/UserDashboard.jsx": {"path":"/Users/eunice/Projects/kinkin2/src/components/UserDashboard.jsx","statementMap":{"0":{"start":{"line":5,"column":2},"end":{"line":15,"column":4}}},"fnMap":{"0":{"name":"UserDashboard","decl":{"start":{"line":4,"column":9},"end":{"line":4,"column":22}},"loc":{"start":{"line":4,"column":30},"end":{"line":16,"column":1}},"line":4}},"branchMap":{},"s":{"0":0},"f":{"0":0},"b":{},"_coverageSchema":"1a1c01bbd47fc00a2c39e90264f33305004495a9","hash":"ced7b2d08b0d8eb803f8b4e18ca5add925565aed"}
}
